1530694264137	geckodriver	INFO	geckodriver 0.21.0
1530694264147	geckodriver	INFO	Listening on 127.0.0.1:49639
1530694267184	mozrunner::runner	INFO	Running command: "C:\\Program Files\\Mozilla Firefox\\firefox.exe" "-marionette" "-foreground" "-no-remote" "-profile" "C:\\Users\\admin\\AppData\\Local\\Temp\\rust_mozprofile.PItgCSAxkgVz"
Unable to read VR Path Registry from C:\Users\admin\AppData\Local\openvr\openvrpaths.vrpath
Unable to read VR Path Registry from C:\Users\admin\AppData\Local\openvr\openvrpaths.vrpath
Unable to read VR Path Registry from C:\Users\admin\AppData\Local\openvr\openvrpaths.vrpath
Unable to read VR Path Registry from C:\Users\admin\AppData\Local\openvr\openvrpaths.vrpath
Unable to read VR Path Registry from C:\Users\admin\AppData\Local\openvr\openvrpaths.vrpath
1530694271145	Marionette	INFO	Listening on port 49647
1530694271663	Marionette	WARN	TLS certificate errors will be ignored for this session
[Parent 12212, Gecko_IOThread] WARNING: pipe error: 109: file z:/build/build/src/ipc/chromium/src/chrome/common/ipc_channel_win.cc, line 346
[Parent 12212, Gecko_IOThread] WARNING: pipe error: 109: file z:/build/build/src/ipc/chromium/src/chrome/common/ipc_channel_win.cc, line 346
[Parent 12212, Gecko_IOThread] WARNING: pipe error: 109: file z:/build/build/src/ipc/chromium/src/chrome/common/ipc_channel_win.cc, line 346
*** UTM:SVC TimerManager:registerTimer called after profile-before-change notification. Ignoring timer registration for id: telemetry_modules_ping
[GPU 3476, Chrome_ChildThr
###!!! [Child][MessageChannel::SendAndWait] Error: Channel error: cannot send/recv

1530694545370	geckodriver	INFO	geckodriver 0.21.0
1530694545383	geckodriver	INFO	Listening on 127.0.0.1:50093
1530694548400	mozrunner::runner	INFO	Running command: "C:\\Program Files\\Mozilla Firefox\\firefox.exe" "-marionette" "-foreground" "-no-remote" "-profile" "C:\\Users\\admin\\AppData\\Local\\Temp\\rust_mozprofile.6A44hwnffUFS"
Unable to read VR Path Registry from C:\Users\admin\AppData\Local\openvr\openvrpaths.vrpath
Unable to read VR Path Registry from C:\Users\admin\AppData\Local\openvr\openvrpaths.vrpath
Unable to read VR Path Registry from C:\Users\admin\AppData\Local\openvr\openvrpaths.vrpath
Unable to read VR Path Registry from C:\Users\admin\AppData\Local\openvr\openvrpaths.vrpath
Unable to read VR Path Registry from C:\Users\admin\AppData\Local\openvr\openvrpaths.vrpath
1530694552057	Marionette	INFO	Listening on port 50105
1530694552237	Marionette	WARN	TLS certificate errors will be ignored for this session
[Parent 26956, Gecko_IOThread] WARNING: pipe error: 109: file z:/build/build/src/ipc/chromium/src/chrome/common/ipc_channel_win.cc, line 346
[Child 27496, Chrome_ChildThread] WARNING: pipe error: 109: file z:/build/build/src/ipc/chromium/src/chrome/common/ipc_channel_win.cc, line 346
[Child 27496, Chrome_ChildThread] WARNING: pipe error: 109: file z:/build/build/src/ipc/chromium/src/chrome/common/ipc_channel_win.cc, line 346
[GPU 26472, Chrome_Chi
###!!! [Child][MessageChannel::SendAndWait] Error: Channel error: cannot send/recv

1530696560179	geckodriver	INFO	geckodriver 0.21.0
1530696560192	geckodriver	INFO	Listening on 127.0.0.1:53475
1530696563188	mozrunner::runner	INFO	Running command: "C:\\Program Files\\Mozilla Firefox\\firefox.exe" "-marionette" "-foreground" "-no-remote" "-profile" "C:\\Users\\admin\\AppData\\Local\\Temp\\rust_mozprofile.vRigm8zI3L2n"
Unable to read VR Path Registry from C:\Users\admin\AppData\Local\openvr\openvrpaths.vrpath
Unable to read VR Path Registry from C:\Users\admin\AppData\Local\openvr\openvrpaths.vrpath
Unable to read VR Path Registry from C:\Users\admin\AppData\Local\openvr\openvrpaths.vrpath
Unable to read VR Path Registry from C:\Users\admin\AppData\Local\openvr\openvrpaths.vrpath
Unable to read VR Path Registry from C:\Users\admin\AppData\Local\openvr\openvrpaths.vrpath
1530696568342	Marionette	INFO	Listening on port 53487
1530696568468	Marionette	WARN	TLS certificate errors will be ignored for this session
[Parent 11272, Gecko_IOThread] WARNING: pipe error: 109: file z:/build/build/src/ipc/chromium/src/chrome/common/ipc_channel_win.cc, line 346
[Parent 11272, Gecko_IOThread] WARNING: pipe error: 109: file z:/build/build/src/ipc/chromium/src/chrome/common/ipc_channel_win.cc, line 346
[Child 3840, Chrome_ChildThread] WARNING: pipe error: 109: file z:/build/build/src/ipc/chromium/src/chrome/common/ipc_channel_win.cc, line 346
[Child 3840, Chrome_ChildThread] WARNING: pipe error: 109: file z:/build/build/src/ipc/chromium/src/chrome/common/ipc_channel_win.cc, line 346
[GPU 26956, Chrome_ChildThread] WARNING: pipe error: 10
###!!! [Child][MessageChannel::SendAndWait] Error: Channel error: cannot send/recv

 to read VR Path Registry from C:\Users\admin\AppData\Local\openvr\openvrpaths.vrpath
1530696787328	Marionette	INFO	Listening on port 53864
1530696787733	Marionette	WARN	TLS certificate errors will be ignored for this session
[Parent 300, Gecko_IOThread] WARNING: pipe error: 109: file z:/build/build/src/ipc/chromium/src/chrome/common/ipc_channel_win.cc, line 346
[Parent 300, Gecko_IOThread] WARNING: pipe error: 109: file z:/build/build/src/ipc/chromium/src/chrome/common/ipc_channel_win.cc, line 346

###!!! [Child][MessageChannel::SendAndWait] Error: Channel error: cannot send/recv

 from C:\Users\admin\AppData\Local\openvr\openvrpaths.vrpath
Unable to read VR Path Registry from C:\Users\admin\AppData\Local\openvr\openvrpaths.vrpath
Unable to read VR Path Registry from C:\Users\admin\AppData\Local\openvr\openvrpaths.vrpath
Unable to read VR Path Registry from C:\Users\admin\AppData\Local\openvr\openvrpaths.vrpath
Unable to read VR Path Registry from C:\Users\admin\AppData\Local\openvr\openvrpaths.vrpath
1530696937189	Marionette	INFO	Listening on port 54125
1530696937609	Marionette	WARN	TLS certificate errors will be ignored for this session
[Parent 16400, Gecko_IOThread] WARNING: pipe error: 109: file z:/build/build/src/ipc/chromium/src/chrome/common/ipc_channel_win.cc, line 346
[Parent 16400, Gecko_IOThread] WARNING: pipe error: 109: file z:/build/build/src/ipc/chromium/src/chrome/common/ipc_channel_win.cc, line 346

###!!! [Child][MessageChannel::SendAndWait] Error: Channel error: cannot send/recv

m C:\Users\admin\AppData\Local\openvr\openvrpaths.vrpath
Unable to read VR Path Registry from C:\Users\admin\AppData\Local\openvr\openvrpaths.vrpath
Unable to read VR Path Registry from C:\Users\admin\AppData\Local\openvr\openvrpaths.vrpath
Unable to read VR Path Registry from C:\Users\admin\AppData\Local\openvr\openvrpaths.vrpath
Unable to read VR Path Registry from C:\Users\admin\AppData\Local\openvr\openvrpaths.vrpath
1530697025342	Marionette	INFO	Listening on port 54292
1530697025605	Marionette	WARN	TLS certificate errors will be ignored for this session
[Parent 14700, Gecko_IOThread] WARNING: pipe error: 109: file z:/build/build/src/ipc/chromium/src/chrome/common/ipc_channel_win.cc, line 346
[Parent 14700, Gecko_IOThread] WARNING: pipe error: 109: file z:/build/build/src/ipc/chromium/src/chrome/common/ipc_channel_win.cc, line 346
[Child 26284, Chrome_ChildThread] WARNING: pipe error: 109: file z:/build/build/src/ipc/chromium/src/chrome/common/ipc_channel_win.cc, line 346
[Child 15944, Chrome_ChildThread] WARNING: pipe error: 109: file z:/build/build/src/ipc/chromium/src/chrome/common/ipc_channel_win.cc, line 346
[Child 15944, Chrome_ChildThread] WARNING: pipe error: 109: file z:/build/build/src/ipc/chromium/src/chrome/common/ipc_channel_win.cc, line 346
*** UTM:SVC TimerManager:registerTimer called after profile-before-change notification. Ignoring timer registration for id: telemetry_modules_ping

###!!! [Child][MessageChannel::SendAndWait] Error: Channel error: cannot send/recv

1530697261264	geckodriver	INFO	geckodriver 0.21.0
1530697261276	geckodriver	INFO	Listening on 127.0.0.1:54678
1530697264277	mozrunner::runner	INFO	Running command: "C:\\Program Files\\Mozilla Firefox\\firefox.exe" "-marionette" "-foreground" "-no-remote" "-profile" "C:\\Users\\admin\\AppData\\Local\\Temp\\rust_mozprofile.eyYh634Y9pJC"
Unable to read VR Path Registry from C:\Users\admin\AppData\Local\openvr\openvrpaths.vrpath
Unable to read VR Path Registry from C:\Users\admin\AppData\Local\openvr\openvrpaths.vrpath
Unable to read VR Path Registry from C:\Users\admin\AppData\Local\openvr\openvrpaths.vrpath
Unable to read VR Path Registry from C:\Users\admin\AppData\Local\openvr\openvrpaths.vrpath
Unable to read VR Path Registry from C:\Users\admin\AppData\Local\openvr\openvrpaths.vrpath
1530697268381	Marionette	INFO	Listening on port 54690
1530697268705	Marionette	WARN	TLS certificate errors will be ignored for this session

###!!! [Child][MessageChannel::SendAndWait] Error: Channel error: cannot send/recv

